<?xml version="1.0" encoding="UTF-8"?>
<!-- Generated by org.testng.reporters.JUnitReportReporter -->
<testsuite hostname="DESKTOP-N007E2T" failures="0" tests="3" name="dataprovider.d1" time="29.293" errors="0" timestamp="2024-03-14T11:15:32 IST" skipped="0">
  <testcase classname="dataprovider.d1" name="DataProvSampleTest" time="6.739"/>
  <system-out/>
  <testcase classname="dataprovider.d1" name="DataProvSampleTest" time="7.209"/>
  <system-out/>
  <testcase classname="dataprovider.d1" name="DataProvSampleTest" time="15.345"/>
  <system-out/>
</testsuite> <!-- dataprovider.d1 -->
