<?xml version="1.0" encoding="UTF-8"?>
<!-- Generated by org.testng.reporters.JUnitReportReporter -->
<testsuite hostname="DESKTOP-N007E2T" failures="0" tests="1" name="excel.e1" time="0.683" errors="0" timestamp="2024-03-12T20:44:39 IST" skipped="0">
  <testcase classname="excel.e1" name="t1" time="0.683"/>
  <system-out/>
</testsuite> <!-- excel.e1 -->
