<?xml version="1.0" encoding="UTF-8"?>
<!-- Generated by org.testng.reporters.JUnitReportReporter -->
<testsuite hostname="DESKTOP-N007E2T" failures="0" tests="1" name="lg.L1" time="7.797" errors="0" timestamp="2024-03-13T10:57:13 IST" skipped="0">
  <testcase classname="lg.L1" name="t1" time="7.797"/>
  <system-out/>
</testsuite> <!-- lg.L1 -->
