<?xml version="1.0" encoding="UTF-8"?>
<!-- Generated by org.testng.reporters.JUnitReportReporter -->
<testsuite hostname="DESKTOP-N007E2T" failures="0" tests="1" name="pack2.c3" time="11.452" errors="0" timestamp="2024-03-12T21:20:12 IST" skipped="0">
  <testcase classname="pack2.c3" name="t3" time="11.452"/>
  <system-out/>
</testsuite> <!-- pack2.c3 -->
