<?xml version="1.0" encoding="UTF-8"?>
<!-- Generated by org.testng.reporters.JUnitReportReporter -->
<testsuite hostname="DESKTOP-N007E2T" failures="0" tests="1" name="ext.e1" time="7.953" errors="0" timestamp="2024-03-14T11:01:58 IST" skipped="0">
  <testcase classname="ext.e1" name="extentReportsDemo" time="7.953"/>
  <system-out/>
</testsuite> <!-- ext.e1 -->
