<?xml version="1.0" encoding="UTF-8"?>
<!-- Generated by org.testng.reporters.JUnitReportReporter -->
<testsuite hostname="DESKTOP-N007E2T" failures="0" tests="1" name="pack2.c4" time="9.231" errors="0" timestamp="2024-03-12T10:20:37 IST" skipped="0">
  <testcase classname="pack2.c4" name="pr" time="9.231"/>
  <system-out/>
</testsuite> <!-- pack2.c4 -->
