<?xml version="1.0" encoding="UTF-8"?>
<!-- Generated by org.testng.reporters.JUnitReportReporter -->
<testsuite hostname="DESKTOP-N007E2T" failures="0" tests="1" name="excel2.e2" time="0.679" errors="0" timestamp="2024-03-12T23:13:29 IST" skipped="0">
  <testcase classname="excel2.e2" name="ab" time="0.679"/>
  <system-out/>
</testsuite> <!-- excel2.e2 -->
