<?xml version="1.0" encoding="UTF-8"?>
<!-- Generated by org.testng.reporters.JUnitReportReporter -->
<testsuite hostname="DESKTOP-N007E2T" failures="0" tests="1" name="pack1.c2" time="23.426" errors="0" timestamp="2024-03-12T21:20:12 IST" skipped="0">
  <testcase classname="pack1.c2" name="t2" time="23.426"/>
  <system-out/>
</testsuite> <!-- pack1.c2 -->
